1576239713706	mozrunner::runner	INFO	Running command: "/usr/bin/firefox" "-marionette" "-foreground" "-no-remote" "-profile" "/tmp/rust_mozprofilejyExgM"

(firefox-esr:4520): Gtk-WARNING **: 13:21:54.559: Theme parsing error: <data>:1:34: Expected ')' in color definition

(firefox-esr:4520): Gtk-WARNING **: 13:21:54.559: Theme parsing error: <data>:1:77: Expected ')' in color definition
1576239716940	Marionette	INFO	Listening on port 32903
1576239717037	Marionette	WARN	TLS certificate errors will be ignored for this session
console.log: Accessibility service init or shutdown observer does not exist.
*** UTM:SVC TimerManager:registerTimer called after profile-before-change notification. Ignoring timer registration for id: telemetry_modules_ping
1576659908910	mozrunner::runner	INFO	Running command: "/usr/bin/firefox" "-marionette" "-foreground" "-no-remote" "-profile" "/tmp/rust_mozprofileg7uczI"

(firefox-esr:5357): Gtk-WARNING **: 10:05:11.441: Theme parsing error: <data>:1:34: Expected ')' in color definition

(firefox-esr:5357): Gtk-WARNING **: 10:05:11.441: Theme parsing error: <data>:1:77: Expected ')' in color definition
1576659916379	Marionette	INFO	Listening on port 46023
1576659916488	Marionette	WARN	TLS certificate errors will be ignored for this session
console.log: Accessibility service init or shutdown observer does not exist.
[Parent 5357, Gecko_IOThread] WARNING: pipe error (97): Conexión reinicializada por la máquina remota: file /build/firefox-esr-yol3YJ/firefox-esr-60.5.1esr/ipc/chromium/src/chrome/common/ipc_channel_posix.cc, line 342
*** UTM:SVC TimerManager:registerTimer called after profile-before-change notification. Ignoring timer registration for id: telemetry_modules_ping
1576660199626	mozrunner::runner	INFO	Running command: "/usr/bin/firefox" "-marionette" "-foreground" "-no-remote" "-profile" "/tmp/rust_mozprofile5f1eTP"

(firefox-esr:5520): Gtk-WARNING **: 10:10:01.700: Theme parsing error: <data>:1:34: Expected ')' in color definition

(firefox-esr:5520): Gtk-WARNING **: 10:10:01.700: Theme parsing error: <data>:1:77: Expected ')' in color definition
1576660204801	Marionette	INFO	Listening on port 46129
1576660204891	Marionette	WARN	TLS certificate errors will be ignored for this session
console.log: Accessibility service init or shutdown observer does not exist.
[Parent 5520, Gecko_IOThread] WARNING: pipe error (100): Conexión reinicializada por la máquina remota: file /build/firefox-esr-yol3YJ/firefox-esr-60.5.1esr/ipc/chromium/src/chrome/common/ipc_channel_posix.cc, line 342
*** UTM:SVC TimerManager:registerTimer called after profile-before-change notification. Ignoring timer registration for id: telemetry_modules_ping
1576661628179	mozrunner::runner	INFO	Running command: "/usr/bin/firefox" "-marionette" "-foreground" "-no-remote" "-profile" "/tmp/rust_mozprofileL2N6aA"

(firefox-esr:5859): Gtk-WARNING **: 10:33:50.026: Theme parsing error: <data>:1:34: Expected ')' in color definition

(firefox-esr:5859): Gtk-WARNING **: 10:33:50.026: Theme parsing error: <data>:1:77: Expected ')' in color definition
1576661634651	Marionette	INFO	Listening on port 39753
1576661634750	Marionette	WARN	TLS certificate errors will be ignored for this session
1576661681628	mozrunner::runner	INFO	Running command: "/usr/bin/firefox" "-marionette" "-foreground" "-no-remote" "-profile" "/tmp/rust_mozprofilemVI4b3"

(firefox-esr:5998): Gtk-WARNING **: 10:34:42.583: Theme parsing error: <data>:1:34: Expected ')' in color definition

(firefox-esr:5998): Gtk-WARNING **: 10:34:42.583: Theme parsing error: <data>:1:77: Expected ')' in color definition
1576661685953	Marionette	INFO	Listening on port 35651
1576661686031	Marionette	WARN	TLS certificate errors will be ignored for this session
console.log: Accessibility service init or shutdown observer does not exist.
[Parent 5998, Gecko_IOThread] WARNING: pipe error (104): Conexión reinicializada por la máquina remota: file /build/firefox-esr-yol3YJ/firefox-esr-60.5.1esr/ipc/chromium/src/chrome/common/ipc_channel_posix.cc, line 342
console.log: Accessibility service init or shutdown observer does not exist.
1576662389840	mozrunner::runner	INFO	Running command: "/usr/bin/firefox" "-marionette" "-foreground" "-no-remote" "-profile" "/tmp/rust_mozprofileGhd1R8"

(firefox-esr:6357): Gtk-WARNING **: 10:46:31.009: Theme parsing error: <data>:1:34: Expected ')' in color definition

(firefox-esr:6357): Gtk-WARNING **: 10:46:31.009: Theme parsing error: <data>:1:77: Expected ')' in color definition
1576662395506	Marionette	INFO	Listening on port 38557
1576662395569	Marionette	WARN	TLS certificate errors will be ignored for this session
console.log: Accessibility service init or shutdown observer does not exist.
*** UTM:SVC TimerManager:registerTimer called after profile-before-change notification. Ignoring timer registration for id: telemetry_modules_ping
1576674969552	mozrunner::runner	INFO	Running command: "/usr/bin/firefox" "-marionette" "-foreground" "-no-remote" "-profile" "/tmp/rust_mozprofile03TmzA"

(firefox-esr:8063): Gtk-WARNING **: 14:16:10.639: Theme parsing error: <data>:1:34: Expected ')' in color definition

(firefox-esr:8063): Gtk-WARNING **: 14:16:10.639: Theme parsing error: <data>:1:77: Expected ')' in color definition
1576674974231	Marionette	INFO	Listening on port 40589
1576674974286	Marionette	WARN	TLS certificate errors will be ignored for this session
JavaScript error: resource://devtools/shared/base-loader.js -> resource://devtools/client/framework/toolbox.js, line 1328: TypeError: currentPanel is undefined
console.log: Accessibility service init or shutdown observer does not exist.
[Parent 8063, Gecko_IOThread] WARNING: pipe error (107): Conexión reinicializada por la máquina remota: file /build/firefox-esr-yol3YJ/firefox-esr-60.5.1esr/ipc/chromium/src/chrome/common/ipc_channel_posix.cc, line 342
1576675557352	mozrunner::runner	INFO	Running command: "/usr/bin/firefox" "-marionette" "-foreground" "-no-remote" "-profile" "/tmp/rust_mozprofileJvLbud"

(firefox-esr:8556): Gtk-WARNING **: 14:25:58.363: Theme parsing error: <data>:1:34: Expected ')' in color definition

(firefox-esr:8556): Gtk-WARNING **: 14:25:58.363: Theme parsing error: <data>:1:77: Expected ')' in color definition
1576675562000	Marionette	INFO	Listening on port 39363
1576675562105	Marionette	WARN	TLS certificate errors will be ignored for this session
console.log: Accessibility service init or shutdown observer does not exist.
[Parent 8556, Gecko_IOThread] WARNING: pipe error (97): Conexión reinicializada por la máquina remota: file /build/firefox-esr-yol3YJ/firefox-esr-60.5.1esr/ipc/chromium/src/chrome/common/ipc_channel_posix.cc, line 342
*** UTM:SVC TimerManager:registerTimer called after profile-before-change notification. Ignoring timer registration for id: telemetry_modules_ping
1576675860174	mozrunner::runner	INFO	Running command: "/usr/bin/firefox" "-marionette" "-foreground" "-no-remote" "-profile" "/tmp/rust_mozprofileqGlnrL"

(firefox-esr:8849): Gtk-WARNING **: 14:31:01.139: Theme parsing error: <data>:1:34: Expected ')' in color definition

(firefox-esr:8849): Gtk-WARNING **: 14:31:01.139: Theme parsing error: <data>:1:77: Expected ')' in color definition
1576675864967	Marionette	INFO	Listening on port 35917
1576675865021	Marionette	WARN	TLS certificate errors will be ignored for this session
console.log: Accessibility service init or shutdown observer does not exist.

###!!! [Child][RunMessage] Error: Channel closing: too late to send/recv, messages will be lost

*** UTM:SVC TimerManager:registerTimer called after profile-before-change notification. Ignoring timer registration for id: telemetry_modules_ping
1576676184876	mozrunner::runner	INFO	Running command: "/usr/bin/firefox" "-marionette" "-foreground" "-no-remote" "-profile" "/tmp/rust_mozprofileeHX2x8"

(firefox-esr:9551): Gtk-WARNING **: 14:36:25.971: Theme parsing error: <data>:1:34: Expected ')' in color definition

(firefox-esr:9551): Gtk-WARNING **: 14:36:25.971: Theme parsing error: <data>:1:77: Expected ')' in color definition
1576676191234	Marionette	INFO	Listening on port 37939
1576676191349	Marionette	WARN	TLS certificate errors will be ignored for this session
1576676280422	mozrunner::runner	INFO	Running command: "/usr/bin/firefox" "-marionette" "-foreground" "-no-remote" "-profile" "/tmp/rust_mozprofileSx2ovC"

(firefox-esr:9728): Gtk-WARNING **: 14:38:01.796: Theme parsing error: <data>:1:34: Expected ')' in color definition

(firefox-esr:9728): Gtk-WARNING **: 14:38:01.796: Theme parsing error: <data>:1:77: Expected ')' in color definition
1576676285023	Marionette	INFO	Listening on port 45971
1576676285079	Marionette	WARN	TLS certificate errors will be ignored for this session
1576676458592	mozrunner::runner	INFO	Running command: "/usr/bin/firefox" "-marionette" "-foreground" "-no-remote" "-profile" "/tmp/rust_mozprofilerR263g"

(firefox-esr:9870): Gtk-WARNING **: 14:40:59.791: Theme parsing error: <data>:1:34: Expected ')' in color definition

(firefox-esr:9870): Gtk-WARNING **: 14:40:59.791: Theme parsing error: <data>:1:77: Expected ')' in color definition
1576676464380	Marionette	INFO	Listening on port 36747
1576676464461	Marionette	WARN	TLS certificate errors will be ignored for this session
console.log: Accessibility service init or shutdown observer does not exist.
[Parent 9870, Gecko_IOThread] WARNING: pipe error (97): Conexión reinicializada por la máquina remota: file /build/firefox-esr-yol3YJ/firefox-esr-60.5.1esr/ipc/chromium/src/chrome/common/ipc_channel_posix.cc, line 342
*** UTM:SVC TimerManager:registerTimer called after profile-before-change notification. Ignoring timer registration for id: telemetry_modules_ping
1576676516103	mozrunner::runner	INFO	Running command: "/usr/bin/firefox" "-marionette" "-foreground" "-no-remote" "-profile" "/tmp/rust_mozprofile5ThHML"

(firefox-esr:10022): Gtk-WARNING **: 14:41:57.577: Theme parsing error: <data>:1:34: Expected ')' in color definition

(firefox-esr:10022): Gtk-WARNING **: 14:41:57.577: Theme parsing error: <data>:1:77: Expected ')' in color definition
1576676521315	Marionette	INFO	Listening on port 38545
1576676521340	Marionette	WARN	TLS certificate errors will be ignored for this session
console.log: Accessibility service init or shutdown observer does not exist.
[Parent 10022, Gecko_IOThread] WARNING: pipe error (85): Conexión reinicializada por la máquina remota: file /build/firefox-esr-yol3YJ/firefox-esr-60.5.1esr/ipc/chromium/src/chrome/common/ipc_channel_posix.cc, line 342
1576676770179	mozrunner::runner	INFO	Running command: "/usr/bin/firefox" "-marionette" "-foreground" "-no-remote" "-profile" "/tmp/rust_mozprofile1w1hqi"

(firefox-esr:10190): Gtk-WARNING **: 14:46:11.412: Theme parsing error: <data>:1:34: Expected ')' in color definition

(firefox-esr:10190): Gtk-WARNING **: 14:46:11.412: Theme parsing error: <data>:1:77: Expected ')' in color definition
1576676774587	Marionette	INFO	Listening on port 36839
1576676774621	Marionette	WARN	TLS certificate errors will be ignored for this session
console.log: Accessibility service init or shutdown observer does not exist.
console.log: Accessibility service init or shutdown observer does not exist.
[Parent 9728, Gecko_IOThread] WARNING: pipe error (89): Conexión reinicializada por la máquina remota: file /build/firefox-esr-yol3YJ/firefox-esr-60.5.1esr/ipc/chromium/src/chrome/common/ipc_channel_posix.cc, line 342
console.log: Accessibility service init or shutdown observer does not exist.
[Parent 9551, Gecko_IOThread] WARNING: pipe error (97): Conexión reinicializada por la máquina remota: file /build/firefox-esr-yol3YJ/firefox-esr-60.5.1esr/ipc/chromium/src/chrome/common/ipc_channel_posix.cc, line 342
